INFO: [VRFC 10-2263] Analyzing SystemVerilog file "/home/unicornt/mips-bpb/mips-bpb.srcs/sources_1/new/adder.sv" into library xil_defaultlib
INFO: [VRFC 10-311] analyzing module adder
INFO: [VRFC 10-2263] Analyzing SystemVerilog file "/home/unicornt/mips-bpb/mips-bpb.srcs/sources_1/new/alu.sv" into library xil_defaultlib
INFO: [VRFC 10-311] analyzing module alu
INFO: [VRFC 10-2263] Analyzing SystemVerilog file "/home/unicornt/mips-bpb/mips-bpb.srcs/sources_1/new/aludec.sv" into library xil_defaultlib
INFO: [VRFC 10-311] analyzing module aludec
INFO: [VRFC 10-2263] Analyzing SystemVerilog file "/home/unicornt/mips-bpb/mips-bpb.srcs/sources_1/new/bpb.sv" into library xil_defaultlib
INFO: [VRFC 10-311] analyzing module bpb
INFO: [VRFC 10-2263] Analyzing SystemVerilog file "/home/unicornt/mips-bpb/mips-bpb.srcs/sources_1/new/bpb_line.sv" into library xil_defaultlib
INFO: [VRFC 10-311] analyzing module bpb_line
INFO: [VRFC 10-2263] Analyzing SystemVerilog file "/home/unicornt/mips-bpb/mips-bpb.srcs/sources_1/new/cache.sv" into library xil_defaultlib
INFO: [VRFC 10-311] analyzing module cache
INFO: [VRFC 10-2263] Analyzing SystemVerilog file "/home/unicornt/mips-bpb/mips-bpb.srcs/sources_1/new/cache_controller.sv" into library xil_defaultlib
INFO: [VRFC 10-311] analyzing module cache_controller
INFO: [VRFC 10-2263] Analyzing SystemVerilog file "/home/unicornt/mips-bpb/mips-bpb.srcs/sources_1/new/cmp.sv" into library xil_defaultlib
INFO: [VRFC 10-311] analyzing module cmp
INFO: [VRFC 10-2263] Analyzing SystemVerilog file "/home/unicornt/mips-bpb/mips-bpb.srcs/sources_1/new/controller.sv" into library xil_defaultlib
INFO: [VRFC 10-311] analyzing module controller
INFO: [VRFC 10-2263] Analyzing SystemVerilog file "/home/unicornt/mips-bpb/mips-bpb.srcs/sources_1/new/datapath.sv" into library xil_defaultlib
INFO: [VRFC 10-311] analyzing module datapath
INFO: [VRFC 10-2263] Analyzing SystemVerilog file "/home/unicornt/mips-bpb/mips-bpb.srcs/sources_1/new/dmem.sv" into library xil_defaultlib
INFO: [VRFC 10-311] analyzing module dmem
INFO: [VRFC 10-2263] Analyzing SystemVerilog file "/home/unicornt/mips-bpb/mips-bpb.srcs/sources_1/new/extsig.sv" into library xil_defaultlib
INFO: [VRFC 10-311] analyzing module extsig
INFO: [VRFC 10-2263] Analyzing SystemVerilog file "/home/unicornt/mips-bpb/mips-bpb.srcs/sources_1/new/flopenr.sv" into library xil_defaultlib
INFO: [VRFC 10-311] analyzing module flopenr
INFO: [VRFC 10-2263] Analyzing SystemVerilog file "/home/unicornt/mips-bpb/mips-bpb.srcs/sources_1/new/flopr.sv" into library xil_defaultlib
INFO: [VRFC 10-311] analyzing module flopr
INFO: [VRFC 10-2263] Analyzing SystemVerilog file "/home/unicornt/mips-bpb/mips-bpb.srcs/sources_1/new/floprc.sv" into library xil_defaultlib
INFO: [VRFC 10-311] analyzing module floprc
INFO: [VRFC 10-2263] Analyzing SystemVerilog file "/home/unicornt/mips-bpb/mips-bpb.srcs/sources_1/new/floprnc.sv" into library xil_defaultlib
INFO: [VRFC 10-311] analyzing module flopenrc
INFO: [VRFC 10-2263] Analyzing SystemVerilog file "/home/unicornt/mips-bpb/mips-bpb.srcs/sources_1/new/hazardunit.sv" into library xil_defaultlib
INFO: [VRFC 10-311] analyzing module hazardunit
INFO: [VRFC 10-2263] Analyzing SystemVerilog file "/home/unicornt/mips-bpb/mips-bpb.srcs/sources_1/new/imem.sv" into library xil_defaultlib
INFO: [VRFC 10-311] analyzing module imem
INFO: [VRFC 10-2263] Analyzing SystemVerilog file "/home/unicornt/mips-bpb/mips-bpb.srcs/sources_1/new/line.sv" into library xil_defaultlib
INFO: [VRFC 10-311] analyzing module line
INFO: [VRFC 10-2263] Analyzing SystemVerilog file "/home/unicornt/mips-bpb/mips-bpb.srcs/sources_1/new/maindec.sv" into library xil_defaultlib
INFO: [VRFC 10-311] analyzing module maindec
INFO: [VRFC 10-2263] Analyzing SystemVerilog file "/home/unicornt/mips-bpb/mips-bpb.srcs/sources_1/new/mips.sv" into library xil_defaultlib
INFO: [VRFC 10-311] analyzing module mips
INFO: [VRFC 10-2263] Analyzing SystemVerilog file "/home/unicornt/mips-bpb/mips-bpb.srcs/sources_1/new/mux.sv" into library xil_defaultlib
INFO: [VRFC 10-311] analyzing module mux
INFO: [VRFC 10-2263] Analyzing SystemVerilog file "/home/unicornt/mips-bpb/mips-bpb.srcs/sources_1/new/mux2.sv" into library xil_defaultlib
INFO: [VRFC 10-311] analyzing module mux2
INFO: [VRFC 10-2263] Analyzing SystemVerilog file "/home/unicornt/mips-bpb/mips-bpb.srcs/sources_1/new/regfile.sv" into library xil_defaultlib
INFO: [VRFC 10-311] analyzing module regfile
INFO: [VRFC 10-2263] Analyzing SystemVerilog file "/home/unicornt/mips-bpb/mips-bpb.srcs/sources_1/new/set.sv" into library xil_defaultlib
INFO: [VRFC 10-311] analyzing module set
INFO: [VRFC 10-2458] undeclared symbol strategy_en, assumed default net type wire [/home/unicornt/mips-bpb/mips-bpb.srcs/sources_1/new/set.sv:34]
INFO: [VRFC 10-2458] undeclared symbol offset_sel, assumed default net type wire [/home/unicornt/mips-bpb/mips-bpb.srcs/sources_1/new/set.sv:34]
INFO: [VRFC 10-2263] Analyzing SystemVerilog file "/home/unicornt/mips-bpb/mips-bpb.srcs/sources_1/new/shiftleft2.sv" into library xil_defaultlib
INFO: [VRFC 10-311] analyzing module shiftleft2
INFO: [VRFC 10-2263] Analyzing SystemVerilog file "/home/unicornt/mips-bpb/benchtest/cpu_tb.sv" into library xil_defaultlib
INFO: [VRFC 10-311] analyzing module cpu_tb
